Running unit tests
FFF.FFF
======================================================================
FAIL: testIsoscelesTriangles (__main__.TestTriangles)
----------------------------------------------------------------------
Traceback (most recent call last):
  File "/Users/gigiluna/Documents/stevens/SSW-567/HW2a/TestTriangle.py", line 44, in testIsoscelesTriangles
    self.assertEqual(classifyTriangle(1, 2, 2), 'Isosceles')
AssertionError: 'InvalidInput' != 'Isosceles'
- InvalidInput
+ Isosceles

======================================================================
FAIL: testNotTriangle (__main__.TestTriangles)
----------------------------------------------------------------------
Traceback (most recent call last):
  File "/Users/gigiluna/Documents/stevens/SSW-567/HW2a/TestTriangle.py", line 48, in testNotTriangle
    self.assertEqual(classifyTriangle(10, 20, 100), 'NotATriangle')
AssertionError: 'InvalidInput' != 'NotATriangle'
- InvalidInput
+ NotATriangle

======================================================================
FAIL: testScaleneTriangles (__main__.TestTriangles)
----------------------------------------------------------------------
Traceback (most recent call last):
  File "/Users/gigiluna/Documents/stevens/SSW-567/HW2a/TestTriangle.py", line 40, in testScaleneTriangles
    self.assertEqual(classifyTriangle(3, 5, 7), 'Scalene')
AssertionError: 'InvalidInput' != 'Scalene'
- InvalidInput
+ Scalene


----------------------------------------------------------------------
Ran 7 tests in 0.007s

FAILED (failures=3)
